<?xml version="1.0" encoding="UTF-8"?>
<testsuites name="Mocha Tests" time="25.0370" tests="2" failures="1">
  <testsuite name="Root Suite" timestamp="2022-07-13T13:11:57" tests="0" time="0.0000" failures="0">
  </testsuite>
  <testsuite name="Workday API Automation" timestamp="2022-07-13T13:11:57" tests="1" file="C:\Users\THI2201882\source\BiFrost\tests\FPS.spec.js" time="25.0200" failures="0">
    <testcase name="Workday API Automation FPS API Automation" time="25.0140" classname="FPS API Automation">
    </testcase>
  </testsuite>
  <testsuite name="Update Existing Issues" timestamp="2022-07-13T13:12:22" tests="1" file="C:\Users\THI2201882\source\BiFrost\tests\XRayAPI.spec.js" time="0.0100" failures="1">
    <testcase name="Update Existing Issues Update XRay Test Execution Results" time="0.0030" classname="Update XRay Test Execution Results">
      <failure message="ENOENT: no such file or directory, open &apos;test-results.xml&apos;" type="Error"><![CDATA[Error: ENOENT: no such file or directory, open 'test-results.xml'
    at Object.openSync (node:fs:585:3)
    at Object.readFileSync (node:fs:453:35)
    at Context.<anonymous> (file:///C:/Users/THI2201882/source/BiFrost/tests/XRayAPI.spec.js:13:34)
    at processImmediate (node:internal/timers:466:21)]]></failure>
    </testcase>
  </testsuite>
</testsuites>